{"numTotalTestSuites":108,"numPassedTestSuites":107,"numFailedTestSuites":1,"numPendingTestSuites":0,"numTotalTests":476,"numPassedTests":466,"numFailedTests":10,"numPendingTests":0,"numTodoTests":0,"startTime":1754174315170,"success":false,"testResults":[{"assertionResults":[{"ancestorTitles":["","Bind Directive"],"fullName":" Bind Directive should handle no attribute name gracefully","status":"passed","title":"should handle no attribute name gracefully","duration":9,"failureMessages":[]},{"ancestorTitles":["","Bind Directive"],"fullName":" Bind Directive should bind basic attributes","status":"passed","title":"should bind basic attributes","duration":4,"failureMessages":[]},{"ancestorTitles":["","Bind Directive"],"fullName":" Bind Directive should handle boolean attributes","status":"passed","title":"should handle boolean attributes","duration":12,"failureMessages":[]},{"ancestorTitles":["","Bind Directive"],"fullName":" Bind Directive should remove attribute for falsy values","status":"passed","title":"should remove attribute for falsy values","duration":2,"failureMessages":[]},{"ancestorTitles":["","Bind Directive"],"fullName":" Bind Directive should remove attribute for null values","status":"passed","title":"should remove attribute for null values","duration":3,"failureMessages":[]},{"ancestorTitles":["","Bind Directive"],"fullName":" Bind Directive should remove attribute for undefined values","status":"passed","title":"should remove attribute for undefined values","duration":1,"failureMessages":[]},{"ancestorTitles":["","Bind Directive"],"fullName":" Bind Directive should handle class binding with object syntax","status":"passed","title":"should handle class binding with object syntax","duration":4,"failureMessages":[]},{"ancestorTitles":["","Bind Directive"],"fullName":" Bind Directive should handle class binding with string syntax","status":"passed","title":"should handle class binding with string syntax","duration":4,"failureMessages":[]},{"ancestorTitles":["","Bind Directive"],"fullName":" Bind Directive should handle style binding with object syntax","status":"passed","title":"should handle style binding with object syntax","duration":7,"failureMessages":[]},{"ancestorTitles":["","Bind Directive"],"fullName":" Bind Directive should handle style binding with string syntax","status":"passed","title":"should handle style binding with string syntax","duration":1,"failureMessages":[]},{"ancestorTitles":["","Bind Directive"],"fullName":" Bind Directive should handle style binding with camelCase properties","status":"passed","title":"should handle style binding with camelCase properties","duration":1,"failureMessages":[]},{"ancestorTitles":["","Bind Directive"],"fullName":" Bind Directive should handle numeric values","status":"passed","title":"should handle numeric values","duration":1,"failureMessages":[]},{"ancestorTitles":["","Bind Directive"],"fullName":" Bind Directive should handle evaluation errors gracefully","status":"passed","title":"should handle evaluation errors gracefully","duration":10,"failureMessages":[]},{"ancestorTitles":["","Bind Directive"],"fullName":" Bind Directive should handle empty expression","status":"passed","title":"should handle empty expression","duration":1,"failureMessages":[]},{"ancestorTitles":["","Bind Directive"],"fullName":" Bind Directive should handle complex expressions","status":"passed","title":"should handle complex expressions","duration":0,"failureMessages":[]},{"ancestorTitles":["","Bind Directive"],"fullName":" Bind Directive should handle conditional expressions","status":"passed","title":"should handle conditional expressions","duration":1,"failureMessages":[]},{"ancestorTitles":["","Bind Directive"],"fullName":" Bind Directive should handle aria attributes","status":"passed","title":"should handle aria attributes","duration":1,"failureMessages":[]},{"ancestorTitles":["","Bind Directive"],"fullName":" Bind Directive should handle data attributes","status":"passed","title":"should handle data attributes","duration":0,"failureMessages":[]},{"ancestorTitles":["","Bind Directive"],"fullName":" Bind Directive should clean up when unbinding","status":"passed","title":"should clean up when unbinding","duration":1,"failureMessages":[]},{"ancestorTitles":["","Bind Directive"],"fullName":" Bind Directive should handle unbind with no cleanups","status":"passed","title":"should handle unbind with no cleanups","duration":2,"failureMessages":[]},{"ancestorTitles":["","Bind Directive"],"fullName":" Bind Directive should handle null class object values","status":"passed","title":"should handle null class object values","duration":0,"failureMessages":[]},{"ancestorTitles":["","Bind Directive"],"fullName":" Bind Directive should handle null style object values","status":"passed","title":"should handle null style object values","duration":1,"failureMessages":[]},{"ancestorTitles":["","Bind Directive"],"fullName":" Bind Directive should handle mixed style values","status":"passed","title":"should handle mixed style values","duration":1,"failureMessages":[]},{"ancestorTitles":["","Bind Directive"],"fullName":" Bind Directive should handle dynamic class updates","status":"passed","title":"should handle dynamic class updates","duration":1,"failureMessages":[]},{"ancestorTitles":["","Bind Directive"],"fullName":" Bind Directive should handle href attributes","status":"passed","title":"should handle href attributes","duration":1,"failureMessages":[]}],"startTime":1754174316970,"endTime":1754174317040,"status":"passed","message":"","name":"C:/Sync/Codebox/ClaudeCode/UUS-JS/packages/core/tests/bind.test.ts"},{"assertionResults":[{"ancestorTitles":["","Class Directive"],"fullName":" Class Directive should handle object-based classes","status":"passed","title":"should handle object-based classes","duration":8,"failureMessages":[]},{"ancestorTitles":["","Class Directive"],"fullName":" Class Directive should handle string-based classes","status":"passed","title":"should handle string-based classes","duration":2,"failureMessages":[]},{"ancestorTitles":["","Class Directive"],"fullName":" Class Directive should handle array-based classes (processed as objects)","status":"passed","title":"should handle array-based classes (processed as objects)","duration":1,"failureMessages":[]},{"ancestorTitles":["","Class Directive"],"fullName":" Class Directive should preserve original classes","status":"passed","title":"should preserve original classes","duration":1,"failureMessages":[]},{"ancestorTitles":["","Class Directive"],"fullName":" Class Directive should handle dynamic object classes","status":"passed","title":"should handle dynamic object classes","duration":1,"failureMessages":[]},{"ancestorTitles":["","Class Directive"],"fullName":" Class Directive should handle conditional classes","status":"passed","title":"should handle conditional classes","duration":1,"failureMessages":[]},{"ancestorTitles":["","Class Directive"],"fullName":" Class Directive should remove classes when condition becomes false","status":"passed","title":"should remove classes when condition becomes false","duration":1,"failureMessages":[]},{"ancestorTitles":["","Class Directive"],"fullName":" Class Directive should handle empty string classes","status":"passed","title":"should handle empty string classes","duration":1,"failureMessages":[]},{"ancestorTitles":["","Class Directive"],"fullName":" Class Directive should handle string with multiple spaces","status":"passed","title":"should handle string with multiple spaces","duration":2,"failureMessages":[]},{"ancestorTitles":["","Class Directive"],"fullName":" Class Directive should handle arrays with falsy values (processed as objects)","status":"passed","title":"should handle arrays with falsy values (processed as objects)","duration":1,"failureMessages":[]},{"ancestorTitles":["","Class Directive"],"fullName":" Class Directive should handle complex expressions","status":"passed","title":"should handle complex expressions","duration":1,"failureMessages":[]},{"ancestorTitles":["","Class Directive"],"fullName":" Class Directive should handle null and undefined values","status":"passed","title":"should handle null and undefined values","duration":1,"failureMessages":[]},{"ancestorTitles":["","Class Directive"],"fullName":" Class Directive should handle evaluation errors gracefully","status":"passed","title":"should handle evaluation errors gracefully","duration":15,"failureMessages":[]},{"ancestorTitles":["","Class Directive"],"fullName":" Class Directive should handle empty object","status":"passed","title":"should handle empty object","duration":1,"failureMessages":[]},{"ancestorTitles":["","Class Directive"],"fullName":" Class Directive should handle boolean values","status":"passed","title":"should handle boolean values","duration":3,"failureMessages":[]},{"ancestorTitles":["","Class Directive"],"fullName":" Class Directive should handle numeric values","status":"passed","title":"should handle numeric values","duration":1,"failureMessages":[]},{"ancestorTitles":["","Class Directive"],"fullName":" Class Directive should clean up when unbinding","status":"passed","title":"should clean up when unbinding","duration":1,"failureMessages":[]},{"ancestorTitles":["","Class Directive"],"fullName":" Class Directive should handle unbind with no cleanups","status":"passed","title":"should handle unbind with no cleanups","duration":2,"failureMessages":[]},{"ancestorTitles":["","Class Directive"],"fullName":" Class Directive should reset classes on each update","status":"passed","title":"should reset classes on each update","duration":1,"failureMessages":[]},{"ancestorTitles":["","Class Directive"],"fullName":" Class Directive should handle mixed class types in expression","status":"passed","title":"should handle mixed class types in expression","duration":1,"failureMessages":[]},{"ancestorTitles":["","Class Directive"],"fullName":" Class Directive should handle class names with special characters","status":"passed","title":"should handle class names with special characters","duration":0,"failureMessages":[]},{"ancestorTitles":["","Class Directive"],"fullName":" Class Directive should handle empty expression","status":"passed","title":"should handle empty expression","duration":1,"failureMessages":[]}],"startTime":1754174316834,"endTime":1754174316881,"status":"passed","message":"","name":"C:/Sync/Codebox/ClaudeCode/UUS-JS/packages/core/tests/class.test.ts"},{"assertionResults":[{"ancestorTitles":["","Component Directive"],"fullName":" Component Directive should initialize component with state","status":"passed","title":"should initialize component with state","duration":6,"failureMessages":[]},{"ancestorTitles":["","Component Directive"],"fullName":" Component Directive should initialize component with lifecycle hooks","status":"passed","title":"should initialize component with lifecycle hooks","duration":7,"failureMessages":[]},{"ancestorTitles":["","Component Directive"],"fullName":" Component Directive should handle component with both state and hooks","status":"passed","title":"should handle component with both state and hooks","duration":2,"failureMessages":[]},{"ancestorTitles":["","Component Directive"],"fullName":" Component Directive should handle empty component definition","status":"passed","title":"should handle empty component definition","duration":1,"failureMessages":[]},{"ancestorTitles":["","Component Directive"],"fullName":" Component Directive should handle component with only state","status":"passed","title":"should handle component with only state","duration":1,"failureMessages":[]},{"ancestorTitles":["","Component Directive"],"fullName":" Component Directive should handle component with only hooks","status":"passed","title":"should handle component with only hooks","duration":1,"failureMessages":[]},{"ancestorTitles":["","Component Directive"],"fullName":" Component Directive should handle invalid component definition","status":"passed","title":"should handle invalid component definition","duration":2,"failureMessages":[]},{"ancestorTitles":["","Component Directive"],"fullName":" Component Directive should handle null component definition","status":"passed","title":"should handle null component definition","duration":1,"failureMessages":[]},{"ancestorTitles":["","Component Directive"],"fullName":" Component Directive should handle evaluation errors","status":"passed","title":"should handle evaluation errors","duration":12,"failureMessages":[]},{"ancestorTitles":["","Component Directive"],"fullName":" Component Directive should merge component state with existing uus state","status":"passed","title":"should merge component state with existing uus state","duration":1,"failureMessages":[]},{"ancestorTitles":["","Component Directive"],"fullName":" Component Directive should handle reactive component state","status":"passed","title":"should handle reactive component state","duration":0,"failureMessages":[]},{"ancestorTitles":["","Component Directive"],"fullName":" Component Directive should handle component definition without expression","status":"passed","title":"should handle component definition without expression","duration":1,"failureMessages":[]}],"startTime":1754174316829,"endTime":1754174316865,"status":"passed","message":"","name":"C:/Sync/Codebox/ClaudeCode/UUS-JS/packages/core/tests/component.test.ts"},{"assertionResults":[{"ancestorTitles":["","DevTools","Constructor and Initialization"],"fullName":" DevTools Constructor and Initialization should create DevTools instance with default config","status":"passed","title":"should create DevTools instance with default config","duration":5,"failureMessages":[]},{"ancestorTitles":["","DevTools","Constructor and Initialization"],"fullName":" DevTools Constructor and Initialization should create DevTools instance with custom config","status":"passed","title":"should create DevTools instance with custom config","duration":1,"failureMessages":[]},{"ancestorTitles":["","DevTools","Constructor and Initialization"],"fullName":" DevTools Constructor and Initialization should expose devtools and app to window","status":"passed","title":"should expose devtools and app to window","duration":1,"failureMessages":[]},{"ancestorTitles":["","DevTools","Constructor and Initialization"],"fullName":" DevTools Constructor and Initialization should setup performance tracking when enabled","status":"passed","title":"should setup performance tracking when enabled","duration":1,"failureMessages":[]},{"ancestorTitles":["","DevTools","Constructor and Initialization"],"fullName":" DevTools Constructor and Initialization should setup error handling when enabled","status":"passed","title":"should setup error handling when enabled","duration":1,"failureMessages":[]},{"ancestorTitles":["","DevTools","State Tracking"],"fullName":" DevTools State Tracking should record state snapshots","status":"passed","title":"should record state snapshots","duration":1,"failureMessages":[]},{"ancestorTitles":["","DevTools","State Tracking"],"fullName":" DevTools State Tracking should limit state history to 50 snapshots","status":"passed","title":"should limit state history to 50 snapshots","duration":1,"failureMessages":[]},{"ancestorTitles":["","DevTools","State Tracking"],"fullName":" DevTools State Tracking should format ref values correctly","status":"passed","title":"should format ref values correctly","duration":1,"failureMessages":[]},{"ancestorTitles":["","DevTools","State Tracking"],"fullName":" DevTools State Tracking should get state snapshot correctly","status":"passed","title":"should get state snapshot correctly","duration":4,"failureMessages":[]},{"ancestorTitles":["","DevTools","Public API Methods"],"fullName":" DevTools Public API Methods should log current state","status":"passed","title":"should log current state","duration":2,"failureMessages":[]},{"ancestorTitles":["","DevTools","Public API Methods"],"fullName":" DevTools Public API Methods should return state history","status":"passed","title":"should return state history","duration":1,"failureMessages":[]},{"ancestorTitles":["","DevTools","Public API Methods"],"fullName":" DevTools Public API Methods should clear state history","status":"passed","title":"should clear state history","duration":1,"failureMessages":[]},{"ancestorTitles":["","DevTools","Public API Methods"],"fullName":" DevTools Public API Methods should handle time travel with valid index","status":"passed","title":"should handle time travel with valid index","duration":29,"failureMessages":[]},{"ancestorTitles":["","DevTools","Public API Methods"],"fullName":" DevTools Public API Methods should handle time travel with invalid index","status":"passed","title":"should handle time travel with invalid index","duration":1,"failureMessages":[]},{"ancestorTitles":["","DevTools","Element Inspection"],"fullName":" DevTools Element Inspection should inspect element with directives","status":"passed","title":"should inspect element with directives","duration":1,"failureMessages":[]},{"ancestorTitles":["","DevTools","Element Inspection"],"fullName":" DevTools Element Inspection should extract element directives correctly","status":"passed","title":"should extract element directives correctly","duration":2,"failureMessages":[]},{"ancestorTitles":["","DevTools","Element Inspection"],"fullName":" DevTools Element Inspection should find elements by state property","status":"passed","title":"should find elements by state property","duration":2,"failureMessages":[]},{"ancestorTitles":["","DevTools","Component Tree Visualization"],"fullName":" DevTools Component Tree Visualization should visualize component tree","status":"passed","title":"should visualize component tree","duration":0,"failureMessages":[]},{"ancestorTitles":["","DevTools","Component Tree Visualization"],"fullName":" DevTools Component Tree Visualization should handle missing root element","status":"passed","title":"should handle missing root element","duration":1,"failureMessages":[]},{"ancestorTitles":["","DevTools","Component Tree Visualization"],"fullName":" DevTools Component Tree Visualization should print tree structure correctly","status":"passed","title":"should print tree structure correctly","duration":0,"failureMessages":[]},{"ancestorTitles":["","DevTools","Performance Profiling"],"fullName":" DevTools Performance Profiling should start profiling","status":"passed","title":"should start profiling","duration":0,"failureMessages":[]},{"ancestorTitles":["","DevTools","Performance Profiling"],"fullName":" DevTools Performance Profiling should end profiling and return duration","status":"passed","title":"should end profiling and return duration","duration":1,"failureMessages":[]},{"ancestorTitles":["","DevTools","Performance Profiling"],"fullName":" DevTools Performance Profiling should handle ending profiling without start","status":"passed","title":"should handle ending profiling without start","duration":1,"failureMessages":[]},{"ancestorTitles":["","DevTools","State Import/Export"],"fullName":" DevTools State Import/Export should export state","status":"passed","title":"should export state","duration":1,"failureMessages":[]},{"ancestorTitles":["","DevTools","State Import/Export"],"fullName":" DevTools State Import/Export should import state successfully","status":"passed","title":"should import state successfully","duration":16,"failureMessages":[]},{"ancestorTitles":["","DevTools","State Import/Export"],"fullName":" DevTools State Import/Export should handle import state errors","status":"passed","title":"should handle import state errors","duration":1,"failureMessages":[]},{"ancestorTitles":["","DevTools","Error Handling"],"fullName":" DevTools Error Handling should handle window error events","status":"passed","title":"should handle window error events","duration":1,"failureMessages":[]},{"ancestorTitles":["","DevTools","DevToolsExtensionBridge"],"fullName":" DevTools DevToolsExtensionBridge should create extension bridge","status":"passed","title":"should create extension bridge","duration":1,"failureMessages":[]},{"ancestorTitles":["","DevTools","DevToolsExtensionBridge"],"fullName":" DevTools DevToolsExtensionBridge should send init message on creation","status":"passed","title":"should send init message on creation","duration":1,"failureMessages":[]},{"ancestorTitles":["","DevTools","DevToolsExtensionBridge"],"fullName":" DevTools DevToolsExtensionBridge should handle get-state message","status":"passed","title":"should handle get-state message","duration":2,"failureMessages":[]},{"ancestorTitles":["","DevTools","DevToolsExtensionBridge"],"fullName":" DevTools DevToolsExtensionBridge should handle update-state message","status":"passed","title":"should handle update-state message","duration":1,"failureMessages":[]},{"ancestorTitles":["","DevTools","DevToolsExtensionBridge"],"fullName":" DevTools DevToolsExtensionBridge should handle time-travel message","status":"passed","title":"should handle time-travel message","duration":0,"failureMessages":[]},{"ancestorTitles":["","DevTools","DevToolsExtensionBridge"],"fullName":" DevTools DevToolsExtensionBridge should handle inspect-element message","status":"passed","title":"should handle inspect-element message","duration":2,"failureMessages":[]},{"ancestorTitles":["","DevTools","DevToolsExtensionBridge"],"fullName":" DevTools DevToolsExtensionBridge should ignore messages from other sources","status":"passed","title":"should ignore messages from other sources","duration":1,"failureMessages":[]},{"ancestorTitles":["","DevTools","DevToolsExtensionBridge"],"fullName":" DevTools DevToolsExtensionBridge should handle inspect-element with missing element","status":"passed","title":"should handle inspect-element with missing element","duration":0,"failureMessages":[]},{"ancestorTitles":["","DevTools","DevToolsExtensionBridge"],"fullName":" DevTools DevToolsExtensionBridge should serialize reactive state correctly","status":"passed","title":"should serialize reactive state correctly","duration":1,"failureMessages":[]},{"ancestorTitles":["","DevTools","initDevTools Function"],"fullName":" DevTools initDevTools Function should initialize devtools in development environment","status":"passed","title":"should initialize devtools in development environment","duration":1,"failureMessages":[]},{"ancestorTitles":["","DevTools","initDevTools Function"],"fullName":" DevTools initDevTools Function should return null in production environment","status":"passed","title":"should return null in production environment","duration":0,"failureMessages":[]},{"ancestorTitles":["","DevTools","initDevTools Function"],"fullName":" DevTools initDevTools Function should pass config to DevTools constructor","status":"passed","title":"should pass config to DevTools constructor","duration":1,"failureMessages":[]},{"ancestorTitles":["","DevTools","Edge Cases and Error Scenarios"],"fullName":" DevTools Edge Cases and Error Scenarios should handle performance tracking with uus-prefixed entries","status":"passed","title":"should handle performance tracking with uus-prefixed entries","duration":1,"failureMessages":[]},{"ancestorTitles":["","DevTools","Edge Cases and Error Scenarios"],"fullName":" DevTools Edge Cases and Error Scenarios should handle state tracking when state is not reactive","status":"passed","title":"should handle state tracking when state is not reactive","duration":0,"failureMessages":[]},{"ancestorTitles":["","DevTools","Edge Cases and Error Scenarios"],"fullName":" DevTools Edge Cases and Error Scenarios should handle findByState with elements that have parsing errors","status":"passed","title":"should handle findByState with elements that have parsing errors","duration":1,"failureMessages":[]},{"ancestorTitles":["","DevTools","Edge Cases and Error Scenarios"],"fullName":" DevTools Edge Cases and Error Scenarios should handle window undefined scenario","status":"passed","title":"should handle window undefined scenario","duration":1,"failureMessages":[]},{"ancestorTitles":["","DevTools","Edge Cases and Error Scenarios"],"fullName":" DevTools Edge Cases and Error Scenarios should handle multiple performance marks with same name","status":"passed","title":"should handle multiple performance marks with same name","duration":1,"failureMessages":[]}],"startTime":1754174316838,"endTime":1754174316936,"status":"passed","message":"","name":"C:/Sync/Codebox/ClaudeCode/UUS-JS/packages/core/tests/devtools.test.ts"},{"assertionResults":[{"ancestorTitles":["","Directives","uus-text"],"fullName":" Directives uus-text should set text content","status":"passed","title":"should set text content","duration":13,"failureMessages":[]},{"ancestorTitles":["","Directives","uus-text"],"fullName":" Directives uus-text should handle expressions","status":"passed","title":"should handle expressions","duration":2,"failureMessages":[]},{"ancestorTitles":["","Directives","uus-text"],"fullName":" Directives uus-text should handle null/undefined gracefully","status":"passed","title":"should handle null/undefined gracefully","duration":3,"failureMessages":[]},{"ancestorTitles":["","Directives","uus-on"],"fullName":" Directives uus-on should attach event listeners","status":"passed","title":"should attach event listeners","duration":6,"failureMessages":[]},{"ancestorTitles":["","Directives","uus-on"],"fullName":" Directives uus-on should handle prevent modifier","status":"passed","title":"should handle prevent modifier","duration":3,"failureMessages":[]},{"ancestorTitles":["","Directives","uus-on"],"fullName":" Directives uus-on should handle once modifier","status":"passed","title":"should handle once modifier","duration":2,"failureMessages":[]},{"ancestorTitles":["","Directives","uus-on"],"fullName":" Directives uus-on should provide $event in expressions","status":"passed","title":"should provide $event in expressions","duration":3,"failureMessages":[]},{"ancestorTitles":["","Directives","uus-state"],"fullName":" Directives uus-state should initialize state","status":"passed","title":"should initialize state","duration":1,"failureMessages":[]},{"ancestorTitles":["","Directives","uus-state"],"fullName":" Directives uus-state should handle nested state","status":"passed","title":"should handle nested state","duration":3,"failureMessages":[]},{"ancestorTitles":["","Directives","uus-state"],"fullName":" Directives uus-state should throw error for non-object state","status":"passed","title":"should throw error for non-object state","duration":2,"failureMessages":[]},{"ancestorTitles":["","Directives","uus-bind"],"fullName":" Directives uus-bind should bind attribute values","status":"passed","title":"should bind attribute values","duration":2,"failureMessages":[]},{"ancestorTitles":["","Directives","uus-bind"],"fullName":" Directives uus-bind should update attributes reactively","status":"passed","title":"should update attributes reactively","duration":2,"failureMessages":[]},{"ancestorTitles":["","Directives","uus-bind"],"fullName":" Directives uus-bind should handle class binding with object syntax","status":"passed","title":"should handle class binding with object syntax","duration":2,"failureMessages":[]},{"ancestorTitles":["","Directives","uus-bind"],"fullName":" Directives uus-bind should handle class binding with string syntax","status":"passed","title":"should handle class binding with string syntax","duration":1,"failureMessages":[]},{"ancestorTitles":["","Directives","uus-bind"],"fullName":" Directives uus-bind should handle style binding with object syntax","status":"passed","title":"should handle style binding with object syntax","duration":9,"failureMessages":[]},{"ancestorTitles":["","Directives","uus-bind"],"fullName":" Directives uus-bind should handle style binding with string syntax","status":"passed","title":"should handle style binding with string syntax","duration":2,"failureMessages":[]},{"ancestorTitles":["","Directives","uus-bind"],"fullName":" Directives uus-bind should remove attributes for falsy values","status":"passed","title":"should remove attributes for falsy values","duration":1,"failureMessages":[]},{"ancestorTitles":["","Directives","uus-bind"],"fullName":" Directives uus-bind should show error for missing attribute name","status":"passed","title":"should show error for missing attribute name","duration":2,"failureMessages":[]},{"ancestorTitles":["","Directives","uus-bind"],"fullName":" Directives uus-bind should handle binding errors gracefully","status":"passed","title":"should handle binding errors gracefully","duration":15,"failureMessages":[]},{"ancestorTitles":["","Directives","uus-html"],"fullName":" Directives uus-html should set innerHTML content (sanitized)","status":"passed","title":"should set innerHTML content (sanitized)","duration":2,"failureMessages":[]},{"ancestorTitles":["","Directives","uus-html"],"fullName":" Directives uus-html should update innerHTML reactively","status":"passed","title":"should update innerHTML reactively","duration":4,"failureMessages":[]},{"ancestorTitles":["","Directives","uus-html"],"fullName":" Directives uus-html should handle null/undefined gracefully","status":"passed","title":"should handle null/undefined gracefully","duration":1,"failureMessages":[]},{"ancestorTitles":["","Directives","uus-html"],"fullName":" Directives uus-html should filter out dangerous content","status":"passed","title":"should filter out dangerous content","duration":2,"failureMessages":[]},{"ancestorTitles":["","Directives","uus-show"],"fullName":" Directives uus-show should show element when condition is true","status":"passed","title":"should show element when condition is true","duration":2,"failureMessages":[]},{"ancestorTitles":["","Directives","uus-show"],"fullName":" Directives uus-show should hide element when condition is false","status":"passed","title":"should hide element when condition is false","duration":1,"failureMessages":[]},{"ancestorTitles":["","Directives","uus-show"],"fullName":" Directives uus-show should preserve original display value","status":"passed","title":"should preserve original display value","duration":3,"failureMessages":[]},{"ancestorTitles":["","Directives","uus-show"],"fullName":" Directives uus-show should handle evaluation errors gracefully","status":"passed","title":"should handle evaluation errors gracefully","duration":3,"failureMessages":[]},{"ancestorTitles":["","Directives","uus-class"],"fullName":" Directives uus-class should add classes from object","status":"passed","title":"should add classes from object","duration":2,"failureMessages":[]},{"ancestorTitles":["","Directives","uus-class"],"fullName":" Directives uus-class should add classes from string","status":"passed","title":"should add classes from string","duration":2,"failureMessages":[]},{"ancestorTitles":["","Directives","uus-class"],"fullName":" Directives uus-class should handle null/undefined gracefully","status":"passed","title":"should handle null/undefined gracefully","duration":1,"failureMessages":[]}],"startTime":1754174316832,"endTime":1754174316930,"status":"passed","message":"","name":"C:/Sync/Codebox/ClaudeCode/UUS-JS/packages/core/tests/directives.test.ts"},{"assertionResults":[{"ancestorTitles":["","Safe Evaluator","Basic Expressions"],"fullName":" Safe Evaluator Basic Expressions should evaluate simple state access","status":"passed","title":"should evaluate simple state access","duration":3,"failureMessages":[]},{"ancestorTitles":["","Safe Evaluator","Basic Expressions"],"fullName":" Safe Evaluator Basic Expressions should evaluate arithmetic expressions","status":"passed","title":"should evaluate arithmetic expressions","duration":1,"failureMessages":[]},{"ancestorTitles":["","Safe Evaluator","Basic Expressions"],"fullName":" Safe Evaluator Basic Expressions should evaluate comparison expressions","status":"passed","title":"should evaluate comparison expressions","duration":1,"failureMessages":[]},{"ancestorTitles":["","Safe Evaluator","Basic Expressions"],"fullName":" Safe Evaluator Basic Expressions should evaluate logical expressions","status":"passed","title":"should evaluate logical expressions","duration":0,"failureMessages":[]},{"ancestorTitles":["","Safe Evaluator","Basic Expressions"],"fullName":" Safe Evaluator Basic Expressions should handle empty or invalid expressions","status":"passed","title":"should handle empty or invalid expressions","duration":1,"failureMessages":[]},{"ancestorTitles":["","Safe Evaluator","Complex Expressions"],"fullName":" Safe Evaluator Complex Expressions should evaluate object property access","status":"passed","title":"should evaluate object property access","duration":0,"failureMessages":[]},{"ancestorTitles":["","Safe Evaluator","Complex Expressions"],"fullName":" Safe Evaluator Complex Expressions should evaluate array access","status":"passed","title":"should evaluate array access","duration":0,"failureMessages":[]},{"ancestorTitles":["","Safe Evaluator","Complex Expressions"],"fullName":" Safe Evaluator Complex Expressions should evaluate ternary expressions","status":"passed","title":"should evaluate ternary expressions","duration":1,"failureMessages":[]},{"ancestorTitles":["","Safe Evaluator","Complex Expressions"],"fullName":" Safe Evaluator Complex Expressions should evaluate template literals","status":"passed","title":"should evaluate template literals","duration":0,"failureMessages":[]},{"ancestorTitles":["","Safe Evaluator","Complex Expressions"],"fullName":" Safe Evaluator Complex Expressions should evaluate object literal expressions","status":"passed","title":"should evaluate object literal expressions","duration":1,"failureMessages":[]},{"ancestorTitles":["","Safe Evaluator","Complex Expressions"],"fullName":" Safe Evaluator Complex Expressions should handle object literals starting with {","status":"passed","title":"should handle object literals starting with {","duration":0,"failureMessages":[]},{"ancestorTitles":["","Safe Evaluator","Assignment Expressions"],"fullName":" Safe Evaluator Assignment Expressions should handle simple assignments","status":"passed","title":"should handle simple assignments","duration":1,"failureMessages":[]},{"ancestorTitles":["","Safe Evaluator","Assignment Expressions"],"fullName":" Safe Evaluator Assignment Expressions should handle compound assignments","status":"passed","title":"should handle compound assignments","duration":1,"failureMessages":[]},{"ancestorTitles":["","Safe Evaluator","Assignment Expressions"],"fullName":" Safe Evaluator Assignment Expressions should handle increment/decrement","status":"passed","title":"should handle increment/decrement","duration":1,"failureMessages":[]},{"ancestorTitles":["","Safe Evaluator","Built-in Globals"],"fullName":" Safe Evaluator Built-in Globals should have access to Math functions","status":"passed","title":"should have access to Math functions","duration":4,"failureMessages":[]},{"ancestorTitles":["","Safe Evaluator","Built-in Globals"],"fullName":" Safe Evaluator Built-in Globals should have access to Array methods","status":"passed","title":"should have access to Array methods","duration":0,"failureMessages":[]},{"ancestorTitles":["","Safe Evaluator","Built-in Globals"],"fullName":" Safe Evaluator Built-in Globals should have access to Object methods","status":"passed","title":"should have access to Object methods","duration":0,"failureMessages":[]},{"ancestorTitles":["","Safe Evaluator","Built-in Globals"],"fullName":" Safe Evaluator Built-in Globals should have access to String methods","status":"passed","title":"should have access to String methods","duration":1,"failureMessages":[]},{"ancestorTitles":["","Safe Evaluator","Built-in Globals"],"fullName":" Safe Evaluator Built-in Globals should have access to Number methods","status":"passed","title":"should have access to Number methods","duration":0,"failureMessages":[]},{"ancestorTitles":["","Safe Evaluator","Built-in Globals"],"fullName":" Safe Evaluator Built-in Globals should have access to parsing functions","status":"passed","title":"should have access to parsing functions","duration":0,"failureMessages":[]},{"ancestorTitles":["","Safe Evaluator","Built-in Globals"],"fullName":" Safe Evaluator Built-in Globals should have access to JSON","status":"passed","title":"should have access to JSON","duration":1,"failureMessages":[]},{"ancestorTitles":["","Safe Evaluator","Built-in Globals"],"fullName":" Safe Evaluator Built-in Globals should have access to null and undefined","status":"passed","title":"should have access to null and undefined","duration":0,"failureMessages":[]},{"ancestorTitles":["","Safe Evaluator","Built-in Globals"],"fullName":" Safe Evaluator Built-in Globals should have access to boolean values","status":"passed","title":"should have access to boolean values","duration":1,"failureMessages":[]},{"ancestorTitles":["","Safe Evaluator","Security"],"fullName":" Safe Evaluator Security should reject forbidden keywords","status":"passed","title":"should reject forbidden keywords","duration":11,"failureMessages":[]},{"ancestorTitles":["","Safe Evaluator","Security"],"fullName":" Safe Evaluator Security should handle errors gracefully","status":"passed","title":"should handle errors gracefully","duration":7,"failureMessages":[]},{"ancestorTitles":["","Safe Evaluator","Edge Cases"],"fullName":" Safe Evaluator Edge Cases should handle special characters in state keys","status":"passed","title":"should handle special characters in state keys","duration":1,"failureMessages":[]},{"ancestorTitles":["","Safe Evaluator","Edge Cases"],"fullName":" Safe Evaluator Edge Cases should clear cache when it grows too large","status":"passed","title":"should clear cache when it grows too large","duration":66,"failureMessages":[]},{"ancestorTitles":["","Safe Evaluator","Edge Cases"],"fullName":" Safe Evaluator Edge Cases should handle complex nested expressions","status":"passed","title":"should handle complex nested expressions","duration":0,"failureMessages":[]},{"ancestorTitles":["","Safe Evaluator","Edge Cases"],"fullName":" Safe Evaluator Edge Cases should handle expressions with mixed operators","status":"passed","title":"should handle expressions with mixed operators","duration":1,"failureMessages":[]},{"ancestorTitles":["","Safe Evaluator","Edge Cases"],"fullName":" Safe Evaluator Edge Cases should handle expressions with function calls","status":"passed","title":"should handle expressions with function calls","duration":0,"failureMessages":[]},{"ancestorTitles":["","Safe Evaluator","Edge Cases"],"fullName":" Safe Evaluator Edge Cases should handle array methods","status":"passed","title":"should handle array methods","duration":1,"failureMessages":[]},{"ancestorTitles":["","Safe Evaluator","Edge Cases"],"fullName":" Safe Evaluator Edge Cases should handle assignments with special patterns","status":"passed","title":"should handle assignments with special patterns","duration":0,"failureMessages":[]},{"ancestorTitles":["","Safe Evaluator","Edge Cases"],"fullName":" Safe Evaluator Edge Cases should not mistake comparison operators for assignment","status":"passed","title":"should not mistake comparison operators for assignment","duration":1,"failureMessages":[]},{"ancestorTitles":["","parseEventExpression"],"fullName":" parseEventExpression should parse function call with no arguments","status":"passed","title":"should parse function call with no arguments","duration":0,"failureMessages":[]},{"ancestorTitles":["","parseEventExpression"],"fullName":" parseEventExpression should parse function call with single argument","status":"passed","title":"should parse function call with single argument","duration":1,"failureMessages":[]},{"ancestorTitles":["","parseEventExpression"],"fullName":" parseEventExpression should parse function call with multiple arguments","status":"passed","title":"should parse function call with multiple arguments","duration":0,"failureMessages":[]},{"ancestorTitles":["","parseEventExpression"],"fullName":" parseEventExpression should parse function call with spaces","status":"passed","title":"should parse function call with spaces","duration":0,"failureMessages":[]},{"ancestorTitles":["","parseEventExpression"],"fullName":" parseEventExpression should handle expressions without parentheses","status":"passed","title":"should handle expressions without parentheses","duration":0,"failureMessages":[]},{"ancestorTitles":["","parseEventExpression"],"fullName":" parseEventExpression should handle empty arguments","status":"passed","title":"should handle empty arguments","duration":0,"failureMessages":[]},{"ancestorTitles":["","parseEventExpression"],"fullName":" parseEventExpression should handle complex expressions as non-function calls","status":"passed","title":"should handle complex expressions as non-function calls","duration":0,"failureMessages":[]},{"ancestorTitles":["","parseEventExpression"],"fullName":" parseEventExpression should handle expressions with dots as non-function calls","status":"passed","title":"should handle expressions with dots as non-function calls","duration":0,"failureMessages":[]}],"startTime":1754174316711,"endTime":1754174316819,"status":"passed","message":"","name":"C:/Sync/Codebox/ClaudeCode/UUS-JS/packages/core/tests/evaluator.test.ts"},{"assertionResults":[{"ancestorTitles":["","For Directive"],"fullName":" For Directive should render simple for loop","status":"passed","title":"should render simple for loop","duration":15,"failureMessages":[]},{"ancestorTitles":["","For Directive"],"fullName":" For Directive should render for loop with index","status":"passed","title":"should render for loop with index","duration":4,"failureMessages":[]},{"ancestorTitles":["","For Directive"],"fullName":" For Directive should handle empty arrays","status":"passed","title":"should handle empty arrays","duration":1,"failureMessages":[]},{"ancestorTitles":["","For Directive"],"fullName":" For Directive should handle invalid expressions","status":"passed","title":"should handle invalid expressions","duration":12,"failureMessages":[]},{"ancestorTitles":["","For Directive"],"fullName":" For Directive should handle non-array values","status":"passed","title":"should handle non-array values","duration":4,"failureMessages":[]},{"ancestorTitles":["","For Directive"],"fullName":" For Directive should handle element without parent","status":"passed","title":"should handle element without parent","duration":0,"failureMessages":[]},{"ancestorTitles":["","For Directive"],"fullName":" For Directive should create scoped state for each iteration","status":"passed","title":"should create scoped state for each iteration","duration":6,"failureMessages":[]},{"ancestorTitles":["","For Directive"],"fullName":" For Directive should handle reactive updates to items array","status":"passed","title":"should handle reactive updates to items array","duration":5,"failureMessages":[]},{"ancestorTitles":["","For Directive"],"fullName":" For Directive should clean up instances when items are removed","status":"passed","title":"should clean up instances when items are removed","duration":2,"failureMessages":[]},{"ancestorTitles":["","For Directive"],"fullName":" For Directive should handle nested objects in for loop","status":"passed","title":"should handle nested objects in for loop","duration":3,"failureMessages":[]},{"ancestorTitles":["","For Directive"],"fullName":" For Directive should handle expressions with whitespace","status":"passed","title":"should handle expressions with whitespace","duration":1,"failureMessages":[]},{"ancestorTitles":["","For Directive"],"fullName":" For Directive should handle parenthesized expressions","status":"passed","title":"should handle parenthesized expressions","duration":0,"failureMessages":[]},{"ancestorTitles":["","For Directive"],"fullName":" For Directive should handle evaluation errors gracefully","status":"passed","title":"should handle evaluation errors gracefully","duration":7,"failureMessages":[]},{"ancestorTitles":["","For Directive"],"fullName":" For Directive should remove uus-for attribute from template","status":"passed","title":"should remove uus-for attribute from template","duration":1,"failureMessages":[]},{"ancestorTitles":["","For Directive"],"fullName":" For Directive should skip state directive in for loop children","status":"passed","title":"should skip state directive in for loop children","duration":2,"failureMessages":[]},{"ancestorTitles":["","For Directive"],"fullName":" For Directive should handle empty expression","status":"passed","title":"should handle empty expression","duration":1,"failureMessages":[]}],"startTime":1754174316832,"endTime":1754174316897,"status":"passed","message":"","name":"C:/Sync/Codebox/ClaudeCode/UUS-JS/packages/core/tests/for.test.ts"},{"assertionResults":[{"ancestorTitles":["","HTML Directive"],"fullName":" HTML Directive should set innerHTML from state","status":"passed","title":"should set innerHTML from state","duration":9,"failureMessages":[]},{"ancestorTitles":["","HTML Directive"],"fullName":" HTML Directive should handle plain text content","status":"passed","title":"should handle plain text content","duration":2,"failureMessages":[]},{"ancestorTitles":["","HTML Directive"],"fullName":" HTML Directive should handle empty content","status":"passed","title":"should handle empty content","duration":2,"failureMessages":[]},{"ancestorTitles":["","HTML Directive"],"fullName":" HTML Directive should handle null values","status":"passed","title":"should handle null values","duration":1,"failureMessages":[]},{"ancestorTitles":["","HTML Directive"],"fullName":" HTML Directive should handle undefined values","status":"passed","title":"should handle undefined values","duration":3,"failureMessages":[]},{"ancestorTitles":["","HTML Directive"],"fullName":" HTML Directive should sanitize script tags","status":"passed","title":"should sanitize script tags","duration":1,"failureMessages":[]},{"ancestorTitles":["","HTML Directive"],"fullName":" HTML Directive should remove event handlers","status":"passed","title":"should remove event handlers","duration":3,"failureMessages":[]},{"ancestorTitles":["","HTML Directive"],"fullName":" HTML Directive should remove javascript: protocols","status":"passed","title":"should remove javascript: protocols","duration":2,"failureMessages":[]},{"ancestorTitles":["","HTML Directive"],"fullName":" HTML Directive should handle complex malicious input by sanitizing","status":"passed","title":"should handle complex malicious input by sanitizing","duration":4,"failureMessages":[]},{"ancestorTitles":["","HTML Directive"],"fullName":" HTML Directive should handle numeric values","status":"passed","title":"should handle numeric values","duration":1,"failureMessages":[]},{"ancestorTitles":["","HTML Directive"],"fullName":" HTML Directive should handle boolean values","status":"passed","title":"should handle boolean values","duration":2,"failureMessages":[]},{"ancestorTitles":["","HTML Directive"],"fullName":" HTML Directive should handle object values","status":"passed","title":"should handle object values","duration":0,"failureMessages":[]},{"ancestorTitles":["","HTML Directive"],"fullName":" HTML Directive should handle expressions that concatenate HTML","status":"passed","title":"should handle expressions that concatenate HTML","duration":1,"failureMessages":[]},{"ancestorTitles":["","HTML Directive"],"fullName":" HTML Directive should handle conditional expressions","status":"passed","title":"should handle conditional expressions","duration":1,"failureMessages":[]},{"ancestorTitles":["","HTML Directive"],"fullName":" HTML Directive should handle array values","status":"passed","title":"should handle array values","duration":1,"failureMessages":[]},{"ancestorTitles":["","HTML Directive"],"fullName":" HTML Directive should handle evaluation errors gracefully","status":"passed","title":"should handle evaluation errors gracefully","duration":14,"failureMessages":[]},{"ancestorTitles":["","HTML Directive"],"fullName":" HTML Directive should handle empty expression","status":"passed","title":"should handle empty expression","duration":1,"failureMessages":[]},{"ancestorTitles":["","HTML Directive"],"fullName":" HTML Directive should clean up when unbinding","status":"passed","title":"should clean up when unbinding","duration":1,"failureMessages":[]},{"ancestorTitles":["","HTML Directive"],"fullName":" HTML Directive should handle unbind with no cleanups","status":"passed","title":"should handle unbind with no cleanups","duration":1,"failureMessages":[]},{"ancestorTitles":["","HTML Directive"],"fullName":" HTML Directive should handle nested script tags","status":"passed","title":"should handle nested script tags","duration":1,"failureMessages":[]},{"ancestorTitles":["","HTML Directive"],"fullName":" HTML Directive should sanitize uppercase script tags","status":"passed","title":"should sanitize uppercase script tags","duration":1,"failureMessages":[]},{"ancestorTitles":["","HTML Directive"],"fullName":" HTML Directive should handle multiple event handlers on same element","status":"passed","title":"should handle multiple event handlers on same element","duration":0,"failureMessages":[]},{"ancestorTitles":["","HTML Directive"],"fullName":" HTML Directive should sanitize script tags with attributes","status":"passed","title":"should sanitize script tags with attributes","duration":1,"failureMessages":[]},{"ancestorTitles":["","HTML Directive"],"fullName":" HTML Directive should preserve safe HTML structure","status":"passed","title":"should preserve safe HTML structure","duration":1,"failureMessages":[]},{"ancestorTitles":["","HTML Directive"],"fullName":" HTML Directive should handle state updates","status":"passed","title":"should handle state updates","duration":0,"failureMessages":[]}],"startTime":1754174316832,"endTime":1754174316889,"status":"passed","message":"","name":"C:/Sync/Codebox/ClaudeCode/UUS-JS/packages/core/tests/html.test.ts"},{"assertionResults":[{"ancestorTitles":["","If Directive"],"fullName":" If Directive should show element when condition is true","status":"passed","title":"should show element when condition is true","duration":8,"failureMessages":[]},{"ancestorTitles":["","If Directive"],"fullName":" If Directive should hide element when condition is false","status":"passed","title":"should hide element when condition is false","duration":2,"failureMessages":[]},{"ancestorTitles":["","If Directive"],"fullName":" If Directive should toggle element visibility when condition changes","status":"passed","title":"should toggle element visibility when condition changes","duration":2,"failureMessages":[]},{"ancestorTitles":["","If Directive"],"fullName":" If Directive should handle complex expressions","status":"passed","title":"should handle complex expressions","duration":1,"failureMessages":[]},{"ancestorTitles":["","If Directive"],"fullName":" If Directive should handle nested object properties","status":"passed","title":"should handle nested object properties","duration":1,"failureMessages":[]},{"ancestorTitles":["","If Directive"],"fullName":" If Directive should handle logical operators","status":"passed","title":"should handle logical operators","duration":1,"failureMessages":[]},{"ancestorTitles":["","If Directive"],"fullName":" If Directive should handle falsy values","status":"passed","title":"should handle falsy values","duration":0,"failureMessages":[]},{"ancestorTitles":["","If Directive"],"fullName":" If Directive should handle truthy values","status":"passed","title":"should handle truthy values","duration":1,"failureMessages":[]},{"ancestorTitles":["","If Directive"],"fullName":" If Directive should handle element without parent","status":"passed","title":"should handle element without parent","duration":10,"failureMessages":[]},{"ancestorTitles":["","If Directive"],"fullName":" If Directive should handle evaluation errors","status":"passed","title":"should handle evaluation errors","duration":8,"failureMessages":[]},{"ancestorTitles":["","If Directive"],"fullName":" If Directive should use default \"true\" when expression is empty","status":"passed","title":"should use default \"true\" when expression is empty","duration":1,"failureMessages":[]},{"ancestorTitles":["","If Directive"],"fullName":" If Directive should handle cleanup when unbinding","status":"passed","title":"should handle cleanup when unbinding","duration":1,"failureMessages":[]},{"ancestorTitles":["","If Directive"],"fullName":" If Directive should handle multiple conditions with different operators","status":"passed","title":"should handle multiple conditions with different operators","duration":0,"failureMessages":[]},{"ancestorTitles":["","If Directive"],"fullName":" If Directive should handle comparison with null/undefined","status":"passed","title":"should handle comparison with null/undefined","duration":1,"failureMessages":[]},{"ancestorTitles":["","If Directive"],"fullName":" If Directive should handle array length checks","status":"passed","title":"should handle array length checks","duration":0,"failureMessages":[]},{"ancestorTitles":["","If Directive"],"fullName":" If Directive should handle negation operator","status":"passed","title":"should handle negation operator","duration":1,"failureMessages":[]},{"ancestorTitles":["","If Directive"],"fullName":" If Directive should preserve element state when toggling","status":"passed","title":"should preserve element state when toggling","duration":1,"failureMessages":[]}],"startTime":1754174316831,"endTime":1754174316870,"status":"passed","message":"","name":"C:/Sync/Codebox/ClaudeCode/UUS-JS/packages/core/tests/if.test.ts"},{"assertionResults":[{"ancestorTitles":["","Lifecycle","Component Lifecycle"],"fullName":" Lifecycle Component Lifecycle should register component and call created hook","status":"passed","title":"should register component and call created hook","duration":4,"failureMessages":[]},{"ancestorTitles":["","Lifecycle","Component Lifecycle"],"fullName":" Lifecycle Component Lifecycle should call mounted hook","status":"passed","title":"should call mounted hook","duration":1,"failureMessages":[]},{"ancestorTitles":["","Lifecycle","Component Lifecycle"],"fullName":" Lifecycle Component Lifecycle should call updated hook","status":"passed","title":"should call updated hook","duration":1,"failureMessages":[]},{"ancestorTitles":["","Lifecycle","Component Lifecycle"],"fullName":" Lifecycle Component Lifecycle should call destroyed hook and run cleanups","status":"passed","title":"should call destroyed hook and run cleanups","duration":0,"failureMessages":[]},{"ancestorTitles":["","Lifecycle","Component Lifecycle"],"fullName":" Lifecycle Component Lifecycle should handle missing hooks gracefully","status":"passed","title":"should handle missing hooks gracefully","duration":0,"failureMessages":[]},{"ancestorTitles":["","Lifecycle","Component Lifecycle"],"fullName":" Lifecycle Component Lifecycle should handle operations on unregistered elements","status":"passed","title":"should handle operations on unregistered elements","duration":0,"failureMessages":[]},{"ancestorTitles":["","Lifecycle","Component Lifecycle"],"fullName":" Lifecycle Component Lifecycle should handle multiple cleanups","status":"passed","title":"should handle multiple cleanups","duration":1,"failureMessages":[]},{"ancestorTitles":["","Lifecycle","DOM Observer"],"fullName":" Lifecycle DOM Observer should observe DOM changes","status":"passed","title":"should observe DOM changes","duration":3,"failureMessages":[]},{"ancestorTitles":["","Lifecycle","DOM Observer"],"fullName":" Lifecycle DOM Observer should handle elements with uus attributes","status":"passed","title":"should handle elements with uus attributes","duration":2,"failureMessages":[]},{"ancestorTitles":["","Lifecycle","DOM Observer"],"fullName":" Lifecycle DOM Observer should clean up removed elements","status":"passed","title":"should clean up removed elements","duration":12,"failureMessages":[]}],"startTime":1754174317657,"endTime":1754174317682,"status":"passed","message":"","name":"C:/Sync/Codebox/ClaudeCode/UUS-JS/packages/core/tests/lifecycle.test.ts"},{"assertionResults":[{"ancestorTitles":["","Model Directive"],"fullName":" Model Directive should bind text input to state","status":"passed","title":"should bind text input to state","duration":9,"failureMessages":[]},{"ancestorTitles":["","Model Directive"],"fullName":" Model Directive should update state when input changes","status":"passed","title":"should update state when input changes","duration":2,"failureMessages":[]},{"ancestorTitles":["","Model Directive"],"fullName":" Model Directive should handle checkbox inputs","status":"passed","title":"should handle checkbox inputs","duration":2,"failureMessages":[]},{"ancestorTitles":["","Model Directive"],"fullName":" Model Directive should handle number inputs","status":"passed","title":"should handle number inputs","duration":6,"failureMessages":[]},{"ancestorTitles":["","Model Directive"],"fullName":" Model Directive should handle select elements","status":"passed","title":"should handle select elements","duration":5,"failureMessages":[]},{"ancestorTitles":["","Model Directive"],"fullName":" Model Directive should handle textarea elements","status":"passed","title":"should handle textarea elements","duration":2,"failureMessages":[]},{"ancestorTitles":["","Model Directive"],"fullName":" Model Directive should handle nested object properties","status":"passed","title":"should handle nested object properties","duration":5,"failureMessages":[]},{"ancestorTitles":["","Model Directive"],"fullName":" Model Directive should handle radio buttons","status":"passed","title":"should handle radio buttons","duration":2,"failureMessages":[]},{"ancestorTitles":["","Model Directive"],"fullName":" Model Directive should error on invalid elements","status":"passed","title":"should error on invalid elements","duration":18,"failureMessages":[]},{"ancestorTitles":["","Model Directive"],"fullName":" Model Directive should handle null/undefined values","status":"passed","title":"should handle null/undefined values","duration":1,"failureMessages":[]},{"ancestorTitles":["","Model Directive"],"fullName":" Model Directive should handle evaluation errors when reading state","status":"passed","title":"should handle evaluation errors when reading state","duration":10,"failureMessages":[]},{"ancestorTitles":["","Model Directive"],"fullName":" Model Directive should handle errors when updating state","status":"passed","title":"should handle errors when updating state","duration":2,"failureMessages":[]},{"ancestorTitles":["","Model Directive"],"fullName":" Model Directive should handle empty expression","status":"passed","title":"should handle empty expression","duration":1,"failureMessages":[]},{"ancestorTitles":["","Model Directive"],"fullName":" Model Directive should clean up event listeners on unbind","status":"passed","title":"should clean up event listeners on unbind","duration":1,"failureMessages":[]},{"ancestorTitles":["","Model Directive"],"fullName":" Model Directive should handle both input and change events","status":"passed","title":"should handle both input and change events","duration":1,"failureMessages":[]},{"ancestorTitles":["","Model Directive"],"fullName":" Model Directive should handle deeply nested properties","status":"passed","title":"should handle deeply nested properties","duration":1,"failureMessages":[]},{"ancestorTitles":["","Model Directive"],"fullName":" Model Directive should handle checkbox with falsy initial value","status":"passed","title":"should handle checkbox with falsy initial value","duration":1,"failureMessages":[]}],"startTime":1754174317027,"endTime":1754174317097,"status":"passed","message":"","name":"C:/Sync/Codebox/ClaudeCode/UUS-JS/packages/core/tests/model.test.ts"},{"assertionResults":[{"ancestorTitles":["","On Directive"],"fullName":" On Directive should handle click events","status":"passed","title":"should handle click events","duration":9,"failureMessages":[]},{"ancestorTitles":["","On Directive"],"fullName":" On Directive should handle multiple event types","status":"passed","title":"should handle multiple event types","duration":2,"failureMessages":[]},{"ancestorTitles":["","On Directive"],"fullName":" On Directive should handle prevent modifier","status":"passed","title":"should handle prevent modifier","duration":3,"failureMessages":[]},{"ancestorTitles":["","On Directive"],"fullName":" On Directive should handle stop modifier","status":"passed","title":"should handle stop modifier","duration":1,"failureMessages":[]},{"ancestorTitles":["","On Directive"],"fullName":" On Directive should handle multiple modifiers","status":"passed","title":"should handle multiple modifiers","duration":1,"failureMessages":[]},{"ancestorTitles":["","On Directive"],"fullName":" On Directive should handle once modifier","status":"passed","title":"should handle once modifier","duration":2,"failureMessages":[]},{"ancestorTitles":["","On Directive"],"fullName":" On Directive should handle capture modifier","status":"passed","title":"should handle capture modifier","duration":7,"failureMessages":[]},{"ancestorTitles":["","On Directive"],"fullName":" On Directive should handle passive modifier","status":"passed","title":"should handle passive modifier","duration":1,"failureMessages":[]},{"ancestorTitles":["","On Directive"],"fullName":" On Directive should provide $event in expression context","status":"passed","title":"should provide $event in expression context","duration":2,"failureMessages":[]},{"ancestorTitles":["","On Directive"],"fullName":" On Directive should clean up $event after handler execution","status":"passed","title":"should clean up $event after handler execution","duration":1,"failureMessages":[]},{"ancestorTitles":["","On Directive"],"fullName":" On Directive should handle error when no event type provided","status":"passed","title":"should handle error when no event type provided","duration":1,"failureMessages":[]},{"ancestorTitles":["","On Directive"],"fullName":" On Directive should handle evaluation errors in event handler","status":"passed","title":"should handle evaluation errors in event handler","duration":20,"failureMessages":[]},{"ancestorTitles":["","On Directive"],"fullName":" On Directive should handle empty expression","status":"passed","title":"should handle empty expression","duration":3,"failureMessages":[]},{"ancestorTitles":["","On Directive"],"fullName":" On Directive should handle complex expressions with event data","status":"passed","title":"should handle complex expressions with event data","duration":2,"failureMessages":[]},{"ancestorTitles":["","On Directive"],"fullName":" On Directive should handle conditional expressions","status":"passed","title":"should handle conditional expressions","duration":6,"failureMessages":[]},{"ancestorTitles":["","On Directive"],"fullName":" On Directive should clean up event listeners on unbind","status":"passed","title":"should clean up event listeners on unbind","duration":1,"failureMessages":[]},{"ancestorTitles":["","On Directive"],"fullName":" On Directive should handle unbind with no cleanups","status":"passed","title":"should handle unbind with no cleanups","duration":1,"failureMessages":[]},{"ancestorTitles":["","On Directive"],"fullName":" On Directive should handle keyboard events","status":"passed","title":"should handle keyboard events","duration":1,"failureMessages":[]},{"ancestorTitles":["","On Directive"],"fullName":" On Directive should handle form events","status":"passed","title":"should handle form events","duration":2,"failureMessages":[]},{"ancestorTitles":["","On Directive"],"fullName":" On Directive should handle custom events","status":"passed","title":"should handle custom events","duration":1,"failureMessages":[]},{"ancestorTitles":["","On Directive"],"fullName":" On Directive should handle method calls in expressions","status":"failed","title":"should handle method calls in expressions","failureMessages":[]},{"ancestorTitles":["","On Directive"],"fullName":" On Directive should handle event object properties","status":"pending","title":"should handle event object properties","failureMessages":[]}],"startTime":1754174316993,"endTime":1754174317061,"status":"failed","message":"","name":"C:/Sync/Codebox/ClaudeCode/UUS-JS/packages/core/tests/on.test.ts"},{"assertionResults":[{"ancestorTitles":["","Parser","parseDirective"],"fullName":" Parser parseDirective should parse simple directive","status":"passed","title":"should parse simple directive","duration":2,"failureMessages":[]},{"ancestorTitles":["","Parser","parseDirective"],"fullName":" Parser parseDirective should parse directive with modifiers","status":"passed","title":"should parse directive with modifiers","duration":4,"failureMessages":[]},{"ancestorTitles":["","Parser","parseDirective"],"fullName":" Parser parseDirective should parse event directive","status":"passed","title":"should parse event directive","duration":1,"failureMessages":[]},{"ancestorTitles":["","Parser","parseDirective"],"fullName":" Parser parseDirective should parse event directive with modifiers","status":"passed","title":"should parse event directive with modifiers","duration":1,"failureMessages":[]},{"ancestorTitles":["","Parser","parseDirective"],"fullName":" Parser parseDirective should parse bind directive","status":"passed","title":"should parse bind directive","duration":2,"failureMessages":[]},{"ancestorTitles":["","Parser","parseDirective"],"fullName":" Parser parseDirective should return null for non-uus attributes","status":"passed","title":"should return null for non-uus attributes","duration":1,"failureMessages":[]},{"ancestorTitles":["","Parser","parseDirective"],"fullName":" Parser parseDirective should throw error for empty directive name","status":"passed","title":"should throw error for empty directive name","duration":14,"failureMessages":[]},{"ancestorTitles":["","Parser","parseDirective"],"fullName":" Parser parseDirective should handle directive with dots but no modifiers","status":"passed","title":"should handle directive with dots but no modifiers","duration":0,"failureMessages":[]},{"ancestorTitles":["","Parser","createBinding"],"fullName":" Parser createBinding should create binding from parsed directive","status":"passed","title":"should create binding from parsed directive","duration":0,"failureMessages":[]},{"ancestorTitles":["","Parser","createBinding"],"fullName":" Parser createBinding should handle directive with argument","status":"passed","title":"should handle directive with argument","duration":0,"failureMessages":[]},{"ancestorTitles":["","Parser","walkElement"],"fullName":" Parser walkElement should walk element and find directives","status":"passed","title":"should walk element and find directives","duration":3,"failureMessages":[]},{"ancestorTitles":["","Parser","walkElement"],"fullName":" Parser walkElement should handle elements with no directives","status":"passed","title":"should handle elements with no directives","duration":1,"failureMessages":[]},{"ancestorTitles":["","Parser","walkElement"],"fullName":" Parser walkElement should walk nested elements","status":"passed","title":"should walk nested elements","duration":3,"failureMessages":[]},{"ancestorTitles":["","Parser","walkElement with skipChildren"],"fullName":" Parser walkElement with skipChildren should skip children when encountering for directive","status":"passed","title":"should skip children when encountering for directive","duration":1,"failureMessages":[]},{"ancestorTitles":["","Parser","walkElement with skipChildren"],"fullName":" Parser walkElement with skipChildren should skip children when encountering if directive","status":"passed","title":"should skip children when encountering if directive","duration":1,"failureMessages":[]},{"ancestorTitles":["","Parser","walkElement with skipChildren"],"fullName":" Parser walkElement with skipChildren should process siblings of structural directives","status":"passed","title":"should process siblings of structural directives","duration":0,"failureMessages":[]},{"ancestorTitles":["","Parser","walkElement with skipChildren"],"fullName":" Parser walkElement with skipChildren should respect skipChildren option","status":"passed","title":"should respect skipChildren option","duration":1,"failureMessages":[]},{"ancestorTitles":["","Parser","walkElement with skipChildren"],"fullName":" Parser walkElement with skipChildren should find directives on root element when skipChildren is true","status":"passed","title":"should find directives on root element when skipChildren is true","duration":2,"failureMessages":[]},{"ancestorTitles":["","Parser","getElementState"],"fullName":" Parser getElementState should find state on element","status":"passed","title":"should find state on element","duration":1,"failureMessages":[]},{"ancestorTitles":["","Parser","getElementState"],"fullName":" Parser getElementState should find state on parent element","status":"passed","title":"should find state on parent element","duration":0,"failureMessages":[]},{"ancestorTitles":["","Parser","getElementState"],"fullName":" Parser getElementState should find state on ancestor element","status":"passed","title":"should find state on ancestor element","duration":1,"failureMessages":[]},{"ancestorTitles":["","Parser","getElementState"],"fullName":" Parser getElementState should return null when no state found","status":"passed","title":"should return null when no state found","duration":0,"failureMessages":[]},{"ancestorTitles":["","Parser","getElementState"],"fullName":" Parser getElementState should return null for detached element","status":"passed","title":"should return null for detached element","duration":0,"failureMessages":[]},{"ancestorTitles":["","Parser","removeDirectiveAttribute"],"fullName":" Parser removeDirectiveAttribute should remove directive attribute from element","status":"passed","title":"should remove directive attribute from element","duration":2,"failureMessages":[]},{"ancestorTitles":["","Parser","removeDirectiveAttribute"],"fullName":" Parser removeDirectiveAttribute should handle non-existent directive","status":"passed","title":"should handle non-existent directive","duration":2,"failureMessages":[]},{"ancestorTitles":["","Parser","removeDirectiveAttribute"],"fullName":" Parser removeDirectiveAttribute should remove directive with modifiers","status":"passed","title":"should remove directive with modifiers","duration":1,"failureMessages":[]},{"ancestorTitles":["","Parser","removeDirectiveAttribute"],"fullName":" Parser removeDirectiveAttribute should remove event directive","status":"passed","title":"should remove event directive","duration":0,"failureMessages":[]},{"ancestorTitles":["","Parser","removeDirectiveAttribute"],"fullName":" Parser removeDirectiveAttribute should remove bind directive","status":"passed","title":"should remove bind directive","duration":0,"failureMessages":[]}],"startTime":1754174316718,"endTime":1754174316764,"status":"passed","message":"","name":"C:/Sync/Codebox/ClaudeCode/UUS-JS/packages/core/tests/parser.test.ts"},{"assertionResults":[{"ancestorTitles":["","Performance Module","UpdateBatcher"],"fullName":" Performance Module UpdateBatcher should batch multiple updates into a single microtask","status":"passed","title":"should batch multiple updates into a single microtask","duration":4,"failureMessages":[]},{"ancestorTitles":["","Performance Module","UpdateBatcher"],"fullName":" Performance Module UpdateBatcher should not add duplicate functions","status":"passed","title":"should not add duplicate functions","duration":1,"failureMessages":[]},{"ancestorTitles":["","Performance Module","UpdateBatcher"],"fullName":" Performance Module UpdateBatcher should handle manual flush","status":"passed","title":"should handle manual flush","duration":0,"failureMessages":[]},{"ancestorTitles":["","Performance Module","UpdateBatcher"],"fullName":" Performance Module UpdateBatcher should clear queue after flush","status":"passed","title":"should clear queue after flush","duration":1,"failureMessages":[]},{"ancestorTitles":["","Performance Module","debounce"],"fullName":" Performance Module debounce should debounce function calls","status":"passed","title":"should debounce function calls","duration":3,"failureMessages":[]},{"ancestorTitles":["","Performance Module","debounce"],"fullName":" Performance Module debounce should reset delay on subsequent calls","status":"passed","title":"should reset delay on subsequent calls","duration":1,"failureMessages":[]},{"ancestorTitles":["","Performance Module","debounce"],"fullName":" Performance Module debounce should support cancellation","status":"passed","title":"should support cancellation","duration":0,"failureMessages":[]},{"ancestorTitles":["","Performance Module","debounce"],"fullName":" Performance Module debounce should handle zero delay","status":"passed","title":"should handle zero delay","duration":0,"failureMessages":[]},{"ancestorTitles":["","Performance Module","debounce"],"fullName":" Performance Module debounce should preserve context","status":"passed","title":"should preserve context","duration":1,"failureMessages":[]},{"ancestorTitles":["","Performance Module","throttle"],"fullName":" Performance Module throttle should throttle function calls","status":"passed","title":"should throttle function calls","duration":1,"failureMessages":[]},{"ancestorTitles":["","Performance Module","throttle"],"fullName":" Performance Module throttle should not execute again if no calls during throttle period","status":"passed","title":"should not execute again if no calls during throttle period","duration":1,"failureMessages":[]},{"ancestorTitles":["","Performance Module","throttle"],"fullName":" Performance Module throttle should support cancellation","status":"passed","title":"should support cancellation","duration":0,"failureMessages":[]},{"ancestorTitles":["","Performance Module","throttle"],"fullName":" Performance Module throttle should handle rapid successive calls","status":"passed","title":"should handle rapid successive calls","duration":1,"failureMessages":[]},{"ancestorTitles":["","Performance Module","throttle"],"fullName":" Performance Module throttle should preserve context","status":"passed","title":"should preserve context","duration":0,"failureMessages":[]},{"ancestorTitles":["","Performance Module","memoize"],"fullName":" Performance Module memoize should cache function results","status":"passed","title":"should cache function results","duration":1,"failureMessages":[]},{"ancestorTitles":["","Performance Module","memoize"],"fullName":" Performance Module memoize should use custom key function","status":"passed","title":"should use custom key function","duration":0,"failureMessages":[]},{"ancestorTitles":["","Performance Module","memoize"],"fullName":" Performance Module memoize should implement LRU eviction with maxSize","status":"passed","title":"should implement LRU eviction with maxSize","duration":0,"failureMessages":[]},{"ancestorTitles":["","Performance Module","memoize"],"fullName":" Performance Module memoize should move accessed items to end (LRU behavior)","status":"passed","title":"should move accessed items to end (LRU behavior)","duration":0,"failureMessages":[]},{"ancestorTitles":["","Performance Module","memoize"],"fullName":" Performance Module memoize should handle complex argument serialization","status":"passed","title":"should handle complex argument serialization","duration":1,"failureMessages":[]},{"ancestorTitles":["","Performance Module","memoize"],"fullName":" Performance Module memoize should preserve function context","status":"passed","title":"should preserve function context","duration":0,"failureMessages":[]},{"ancestorTitles":["","Performance Module","lazy"],"fullName":" Performance Module lazy should only compute value once","status":"passed","title":"should only compute value once","duration":0,"failureMessages":[]},{"ancestorTitles":["","Performance Module","lazy"],"fullName":" Performance Module lazy should handle factory errors","status":"passed","title":"should handle factory errors","duration":1,"failureMessages":[]},{"ancestorTitles":["","Performance Module","lazy"],"fullName":" Performance Module lazy should handle complex object creation","status":"passed","title":"should handle complex object creation","duration":0,"failureMessages":[]},{"ancestorTitles":["","Performance Module","VirtualList"],"fullName":" Performance Module VirtualList should initialize with correct options","status":"passed","title":"should initialize with correct options","duration":2,"failureMessages":[]},{"ancestorTitles":["","Performance Module","VirtualList"],"fullName":" Performance Module VirtualList should calculate visible range correctly","status":"passed","title":"should calculate visible range correctly","duration":1,"failureMessages":[]},{"ancestorTitles":["","Performance Module","VirtualList"],"fullName":" Performance Module VirtualList should calculate total height correctly","status":"passed","title":"should calculate total height correctly","duration":0,"failureMessages":[]},{"ancestorTitles":["","Performance Module","VirtualList"],"fullName":" Performance Module VirtualList should handle destroy cleanup","status":"passed","title":"should handle destroy cleanup","duration":1,"failureMessages":[]},{"ancestorTitles":["","Performance Module","VirtualList"],"fullName":" Performance Module VirtualList should use default container when not provided","status":"passed","title":"should use default container when not provided","duration":1,"failureMessages":[]},{"ancestorTitles":["","Performance Module","VirtualList"],"fullName":" Performance Module VirtualList should handle empty items array","status":"passed","title":"should handle empty items array","duration":0,"failureMessages":[]},{"ancestorTitles":["","Performance Module","requestIdleCallback and cancelIdleCallback"],"fullName":" Performance Module requestIdleCallback and cancelIdleCallback should provide polyfill when native not available","status":"passed","title":"should provide polyfill when native not available","duration":1,"failureMessages":[]},{"ancestorTitles":["","Performance Module","requestIdleCallback and cancelIdleCallback"],"fullName":" Performance Module requestIdleCallback and cancelIdleCallback should handle polyfill cancellation","status":"passed","title":"should handle polyfill cancellation","duration":1,"failureMessages":[]},{"ancestorTitles":["","Performance Module","requestIdleCallback and cancelIdleCallback"],"fullName":" Performance Module requestIdleCallback and cancelIdleCallback should use setTimeout-based polyfill implementation","status":"passed","title":"should use setTimeout-based polyfill implementation","duration":3,"failureMessages":[]},{"ancestorTitles":["","Performance Module","defer"],"fullName":" Performance Module defer should defer function execution","status":"passed","title":"should defer function execution","duration":1,"failureMessages":[]},{"ancestorTitles":["","Performance Module","weakMemoize"],"fullName":" Performance Module weakMemoize should cache results using WeakMap","status":"passed","title":"should cache results using WeakMap","duration":2,"failureMessages":[]},{"ancestorTitles":["","Performance Module","weakMemoize"],"fullName":" Performance Module weakMemoize should allow garbage collection of keys","status":"passed","title":"should allow garbage collection of keys","duration":3,"failureMessages":[]},{"ancestorTitles":["","Performance Module","LazyLoader"],"fullName":" Performance Module LazyLoader should create IntersectionObserver with options
[...]
est.ts"},{"assertionResults":[{"ancestorTitles":["","Show Directive"],"fullName":" Show Directive should show element when condition is true","status":"passed","title":"should show element when condition is true","duration":9,"failureMessages":[]},{"ancestorTitles":["","Show Directive"],"fullName":" Show Directive should hide element when condition is false","status":"passed","title":"should hide element when condition is false","duration":3,"failureMessages":[]},{"ancestorTitles":["","Show Directive"],"fullName":" Show Directive should preserve original display style when showing","status":"passed","title":"should preserve original display style when showing","duration":1,"failureMessages":[]},{"ancestorTitles":["","Show Directive"],"fullName":" Show Directive should handle elements with no initial display style","status":"passed","title":"should handle elements with no initial display style","duration":1,"failureMessages":[]},{"ancestorTitles":["","Show Directive"],"fullName":" Show Directive should handle complex boolean expressions","status":"passed","title":"should handle complex boolean expressions","duration":1,"failureMessages":[]},{"ancestorTitles":["","Show Directive"],"fullName":" Show Directive should handle nested object properties","status":"passed","title":"should handle nested object properties","duration":1,"failureMessages":[]},{"ancestorTitles":["","Show Directive"],"fullName":" Show Directive should handle falsy values","status":"passed","title":"should handle falsy values","duration":1,"failureMessages":[]},{"ancestorTitles":["","Show Directive"],"fullName":" Show Directive should handle truthy values","status":"passed","title":"should handle truthy values","duration":1,"failureMessages":[]},{"ancestorTitles":["","Show Directive"],"fullName":" Show Directive should handle numeric values","status":"passed","title":"should handle numeric values","duration":2,"failureMessages":[]},{"ancestorTitles":["","Show Directive"],"fullName":" Show Directive should handle null and undefined","status":"passed","title":"should handle null and undefined","duration":2,"failureMessages":[]},{"ancestorTitles":["","Show Directive"],"fullName":" Show Directive should handle array length checks","status":"passed","title":"should handle array length checks","duration":5,"failureMessages":[]},{"ancestorTitles":["","Show Directive"],"fullName":" Show Directive should handle negation operator","status":"passed","title":"should handle negation operator","duration":1,"failureMessages":[]},{"ancestorTitles":["","Show Directive"],"fullName":" Show Directive should handle comparison operators","status":"passed","title":"should handle comparison operators","duration":1,"failureMessages":[]},{"ancestorTitles":["","Show Directive"],"fullName":" Show Directive should use default \"true\" when expression is empty","status":"passed","title":"should use default \"true\" when expression is empty","duration":0,"failureMessages":[]},{"ancestorTitles":["","Show Directive"],"fullName":" Show Directive should handle evaluation errors gracefully","status":"passed","title":"should handle evaluation errors gracefully","duration":13,"failureMessages":[]},{"ancestorTitles":["","Show Directive"],"fullName":" Show Directive should clean up when unbinding","status":"passed","title":"should clean up when unbinding","duration":1,"failureMessages":[]},{"ancestorTitles":["","Show Directive"],"fullName":" Show Directive should handle unbind with no cleanups","status":"passed","title":"should handle unbind with no cleanups","duration":1,"failureMessages":[]},{"ancestorTitles":["","Show Directive"],"fullName":" Show Directive should restore original display on state changes","status":"passed","title":"should restore original display on state changes","duration":1,"failureMessages":[]},{"ancestorTitles":["","Show Directive"],"fullName":" Show Directive should handle mixed conditional logic","status":"passed","title":"should handle mixed conditional logic","duration":1,"failureMessages":[]},{"ancestorTitles":["","Show Directive"],"fullName":" Show Directive should handle string comparisons","status":"passed","title":"should handle string comparisons","duration":1,"failureMessages":[]},{"ancestorTitles":["","Show Directive"],"fullName":" Show Directive should handle function calls","status":"passed","title":"should handle function calls","duration":1,"failureMessages":[]},{"ancestorTitles":["","Show Directive"],"fullName":" Show Directive should preserve inline styles","status":"passed","title":"should preserve inline styles","duration":1,"failureMessages":[]}],"startTime":1754174316832,"endTime":1754174316881,"status":"passed","message":"","name":"C:/Sync/Codebox/ClaudeCode/UUS-JS/packages/core/tests/show.test.ts"},{"assertionResults":[{"ancestorTitles":["","Style Directive"],"fullName":" Style Directive should apply object-based styles","status":"passed","title":"should apply object-based styles","duration":33,"failureMessages":[]},{"ancestorTitles":["","Style Directive"],"fullName":" Style Directive should apply string-based styles","status":"passed","title":"should apply string-based styles","duration":5,"failureMessages":[]},{"ancestorTitles":["","Style Directive"],"fullName":" Style Directive should handle dynamic styles from state","status":"passed","title":"should handle dynamic styles from state","duration":3,"failureMessages":[]},{"ancestorTitles":["","Style Directive"],"fullName":" Style Directive should convert camelCase to kebab-case","status":"passed","title":"should convert camelCase to kebab-case","duration":4,"failureMessages":[]},{"ancestorTitles":["","Style Directive"],"fullName":" Style Directive should handle conditional styles","status":"passed","title":"should handle conditional styles","duration":9,"failureMessages":[]},{"ancestorTitles":["","Style Directive"],"fullName":" Style Directive should handle numeric values","status":"passed","title":"should handle numeric values","duration":2,"failureMessages":[]},{"ancestorTitles":["","Style Directive"],"fullName":" Style Directive should remove styles when value is null/undefined/empty","status":"passed","title":"should remove styles when value is null/undefined/empty","duration":3,"failureMessages":[]},{"ancestorTitles":["","Style Directive"],"fullName":" Style Directive should preserve original styles when resetting","status":"passed","title":"should preserve original styles when resetting","duration":8,"failureMessages":[]},{"ancestorTitles":["","Style Directive"],"fullName":" Style Directive should handle style object from state","status":"passed","title":"should handle style object from state","duration":6,"failureMessages":[]},{"ancestorTitles":["","Style Directive"],"fullName":" Style Directive should handle empty object","status":"passed","title":"should handle empty object","duration":2,"failureMessages":[]},{"ancestorTitles":["","Style Directive"],"fullName":" Style Directive should handle evaluation errors","status":"passed","title":"should handle evaluation errors","duration":27,"failureMessages":[]},{"ancestorTitles":["","Style Directive"],"fullName":" Style Directive should handle string styles with existing styles","status":"passed","title":"should handle string styles with existing styles","duration":1,"failureMessages":[]},{"ancestorTitles":["","Style Directive"],"fullName":" Style Directive should handle mixed style properties","status":"passed","title":"should handle mixed style properties","duration":1,"failureMessages":[]},{"ancestorTitles":["","Style Directive"],"fullName":" Style Directive should handle CSS custom properties","status":"passed","title":"should handle CSS custom properties","duration":1,"failureMessages":[]},{"ancestorTitles":["","Style Directive"],"fullName":" Style Directive should handle complex expressions","status":"passed","title":"should handle complex expressions","duration":1,"failureMessages":[]},{"ancestorTitles":["","Style Directive"],"fullName":" Style Directive should handle cleanup on unbind","status":"passed","title":"should handle cleanup on unbind","duration":1,"failureMessages":[]},{"ancestorTitles":["","Style Directive"],"fullName":" Style Directive should handle falsy values correctly","status":"passed","title":"should handle falsy values correctly","duration":1,"failureMessages":[]},{"ancestorTitles":["","Style Directive"],"fullName":" Style Directive should handle default empty object when expression is empty","status":"passed","title":"should handle default empty object when expression is empty","duration":0,"failureMessages":[]},{"ancestorTitles":["","Style Directive"],"fullName":" Style Directive should handle arrays or other non-object/string values","status":"passed","title":"should handle arrays or other non-object/string values","duration":1,"failureMessages":[]},{"ancestorTitles":["","Style Directive"],"fullName":" Style Directive should handle style updates when state changes","status":"passed","title":"should handle style updates when state changes","duration":1,"failureMessages":[]}],"startTime":1754174316958,"endTime":1754174317068,"status":"passed","message":"","name":"C:/Sync/Codebox/ClaudeCode/UUS-JS/packages/core/tests/style.test.ts"},{"assertionResults":[{"ancestorTitles":["","Text Directive"],"fullName":" Text Directive should set text content from state","status":"passed","title":"should set text content from state","duration":7,"failureMessages":[]},{"ancestorTitles":["","Text Directive"],"fullName":" Text Directive should handle string expressions","status":"passed","title":"should handle string expressions","duration":2,"failureMessages":[]},{"ancestorTitles":["","Text Directive"],"fullName":" Text Directive should handle boolean values","status":"passed","title":"should handle boolean values","duration":1,"failureMessages":[]},{"ancestorTitles":["","Text Directive"],"fullName":" Text Directive should handle numeric values","status":"passed","title":"should handle numeric values","duration":1,"failureMessages":[]},{"ancestorTitles":["","Text Directive"],"fullName":" Text Directive should handle null values","status":"passed","title":"should handle null values","duration":1,"failureMessages":[]},{"ancestorTitles":["","Text Directive"],"fullName":" Text Directive should handle undefined values","status":"passed","title":"should handle undefined values","duration":1,"failureMessages":[]},{"ancestorTitles":["","Text Directive"],"fullName":" Text Directive should handle empty expression","status":"passed","title":"should handle empty expression","duration":1,"failureMessages":[]},{"ancestorTitles":["","Text Directive"],"fullName":" Text Directive should handle evaluation errors gracefully","status":"passed","title":"should handle evaluation errors gracefully","duration":13,"failureMessages":[]},{"ancestorTitles":["","Text Directive"],"fullName":" Text Directive should handle mathematical expressions","status":"passed","title":"should handle mathematical expressions","duration":2,"failureMessages":[]},{"ancestorTitles":["","Text Directive"],"fullName":" Text Directive should handle conditional expressions","status":"passed","title":"should handle conditional expressions","duration":1,"failureMessages":[]},{"ancestorTitles":["","Text Directive"],"fullName":" Text Directive should handle array access","status":"passed","title":"should handle array access","duration":1,"failureMessages":[]},{"ancestorTitles":["","Text Directive"],"fullName":" Text Directive should handle object property access","status":"passed","title":"should handle object property access","duration":1,"failureMessages":[]},{"ancestorTitles":["","Text Directive"],"fullName":" Text Directive should handle cleanup on unbind","status":"passed","title":"should handle cleanup on unbind","duration":1,"failureMessages":[]},{"ancestorTitles":["","Text Directive"],"fullName":" Text Directive should handle unbind with no cleanups","status":"passed","title":"should handle unbind with no cleanups","duration":1,"failureMessages":[]},{"ancestorTitles":["","Text Directive"],"fullName":" Text Directive should convert objects to strings","status":"passed","title":"should convert objects to strings","duration":1,"failureMessages":[]},{"ancestorTitles":["","Text Directive"],"fullName":" Text Directive should handle complex nested expressions","status":"passed","title":"should handle complex nested expressions","duration":0,"failureMessages":[]},{"ancestorTitles":["","Text Directive"],"fullName":" Text Directive should handle string methods","status":"passed","title":"should handle string methods","duration":1,"failureMessages":[]},{"ancestorTitles":["","Text Directive"],"fullName":" Text Directive should update when state changes","status":"passed","title":"should update when state changes","duration":0,"failureMessages":[]},{"ancestorTitles":["","Text Directive"],"fullName":" Text Directive should handle zero as a valid value","status":"passed","title":"should handle zero as a valid value","duration":1,"failureMessages":[]},{"ancestorTitles":["","Text Directive"],"fullName":" Text Directive should handle false as a valid value","status":"passed","title":"should handle false as a valid value","duration":0,"failureMessages":[]}],"startTime":1754174316830,"endTime":1754174316867,"status":"passed","message":"","name":"C:/Sync/Codebox/ClaudeCode/UUS-JS/packages/core/tests/text.test.ts"},{"assertionResults":[{"ancestorTitles":["","Uus","constructor"],"fullName":" Uus constructor should create an instance with default config","status":"passed","title":"should create an instance with default config","duration":3,"failureMessages":[]},{"ancestorTitles":["","Uus","constructor"],"fullName":" Uus constructor should accept custom config","status":"passed","title":"should accept custom config","duration":1,"failureMessages":[]},{"ancestorTitles":["","Uus","mount"],"fullName":" Uus mount should mount to element by selector","status":"passed","title":"should mount to element by selector","duration":2,"failureMessages":[]},{"ancestorTitles":["","Uus","mount"],"fullName":" Uus mount should mount to element directly","status":"passed","title":"should mount to element directly","duration":1,"failureMessages":[]},{"ancestorTitles":["","Uus","mount"],"fullName":" Uus mount should throw error for invalid selector","status":"passed","title":"should throw error for invalid selector","duration":7,"failureMessages":[]},{"ancestorTitles":["","Uus","directives"],"fullName":" Uus directives should process uus-state directive","status":"passed","title":"should process uus-state directive","duration":4,"failureMessages":[]},{"ancestorTitles":["","Uus","directives"],"fullName":" Uus directives should handle reactive updates","status":"passed","title":"should handle reactive updates","duration":6,"failureMessages":[]},{"ancestorTitles":["","Uus","directives"],"fullName":" Uus directives should handle computed expressions","status":"passed","title":"should handle computed expressions","duration":2,"failureMessages":[]},{"ancestorTitles":["","Uus","unmount"],"fullName":" Uus unmount should clean up when unmounting","status":"passed","title":"should clean up when unmounting","duration":11,"failureMessages":[]},{"ancestorTitles":["","Uus","plugins"],"fullName":" Uus plugins should install plugins","status":"passed","title":"should install plugins","duration":3,"failureMessages":[]},{"ancestorTitles":["","Uus","static methods"],"fullName":" Uus static methods should have version","status":"passed","title":"should have version","duration":0,"failureMessages":[]},{"ancestorTitles":["","Uus","static methods"],"fullName":" Uus static methods should set global config","status":"passed","title":"should set global config","duration":1,"failureMessages":[]}],"startTime":1754174317680,"endTime":1754174317724,"status":"passed","message":"","name":"C:/Sync/Codebox/ClaudeCode/UUS-JS/packages/core/tests/uus.test.ts"},{"assertionResults":[{"ancestorTitles":["","Uus App Integration Tests","Complete Todo App"],"fullName":" Uus App Integration Tests Complete Todo App should create a functional todo app with all features","status":"failed","title":"should create a functional todo app with all features","duration":117,"failureMessages":["expected +0 to be 2 // Object.is equality"],"location":{"line":136,"column":32}},{"ancestorTitles":["","Uus App Integration Tests","i18n Integration"],"fullName":" Uus App Integration Tests i18n Integration should integrate i18n plugin and translate content","status":"failed","title":"should integrate i18n plugin and translate content","duration":37,"failureMessages":["expected '' to be 'Welcome John!' // Object.is equality"],"location":{"line":219,"column":58}},{"ancestorTitles":["","Uus App Integration Tests","Complex Data Flow"],"fullName":" Uus App Integration Tests Complex Data Flow should handle complex reactive data flow correctly","status":"failed","title":"should handle complex reactive data flow correctly","duration":49,"failureMessages":["expected 2 to be 1 // Object.is equality"],"location":{"line":317,"column":35}},{"ancestorTitles":["","Uus App Integration Tests","Memory Management Integration"],"fullName":" Uus App Integration Tests Memory Management Integration should properly clean up resources on destroy","status":"failed","title":"should properly clean up resources on destroy","duration":260,"failureMessages":["expected 0 to be greater than 0"],"location":{"line":374,"column":28}},{"ancestorTitles":["","Uus App Integration Tests","Error Handling Integration"],"fullName":" Uus App Integration Tests Error Handling Integration should handle errors gracefully without breaking the app","status":"failed","title":"should handle errors gracefully without breaking the app","duration":46,"failureMessages":["expected 'test' to be 'Error handled' // Object.is equality"],"location":{"line":442,"column":57}}],"startTime":1754174316861,"endTime":1754174317371,"status":"failed","message":"","name":"C:/Sync/Codebox/ClaudeCode/UUS-JS/packages/core/tests/integration/app.integration.test.ts"},{"assertionResults":[{"ancestorTitles":["","Directives Integration Tests","Nested Directives"],"fullName":" Directives Integration Tests Nested Directives should handle complex nested directive scenarios","status":"failed","title":"should handle complex nested directive scenarios","duration":74,"failureMessages":["the given combination of arguments (null and string) is invalid for this assertion. You can use an array, a map, an object, a set, a string, or a weakset instead of a string"],"location":{"line":101,"column":56}},{"ancestorTitles":["","Directives Integration Tests","Dynamic Directive Updates"],"fullName":" Directives Integration Tests Dynamic Directive Updates should update directives when data changes dynamically","status":"failed","title":"should update directives when data changes dynamically","duration":36,"failureMessages":["expected <div uus-if=\"mode === 'edit'\" …(1)>…(4)</div> to be falsy"],"location":{"line":198,"column":53}},{"ancestorTitles":["","Directives Integration Tests","Custom Directives"],"fullName":" Directives Integration Tests Custom Directives should work with custom directives","status":"failed","title":"should work with custom directives","duration":45,"failureMessages":["expected '\\'Click me to submit\\'' to be 'Click me to submit' // Object.is equality"],"location":{"line":299,"column":63}},{"ancestorTitles":["","Directives Integration Tests","Performance with Many Elements"],"fullName":" Directives Integration Tests Performance with Many Elements should handle large lists efficiently","status":"failed","title":"should handle large lists efficiently","duration":2135,"failureMessages":["expected 1551.2093999999997 to be less than 100"],"location":{"line":383,"column":26}}],"startTime":1754174316831,"endTime":1754174319122,"status":"failed","message":"","name":"C:/Sync/Codebox/ClaudeCode/UUS-JS/packages/core/tests/integration/directives.integration.test.ts"}]}
